Using pre-set license
Built from '2020.2/release' branch; Version is '2020.2.4f1 (becced5a802b) revision 12504301'; Using compiler version '192528614'; Build Type 'Release'
OS: 'Windows 10 Home; OS build 18363.1440; Version 1909; 64bit' Language: 'en' Physical Memory: 32647 MB
BatchMode: 1, IsHumanControllingUs: 0, StartBugReporterOnCrash: 0, Is64bit: 1, IsPro: 0

 COMMAND LINE ARGUMENTS:
C:\Program Files\Unity\Hub\Editor\2020.2.4f1\Editor\Unity.exe
-adb2
-batchMode
-noUpm
-name
AssetImportWorker1
-projectPath
C:/Users/ultim/Documents/GitHub/SIProjectDuck/Project Duck
-logFile
Logs/AssetImportWorker1.log
-srvPort
54400
Successfully changed project path to: C:/Users/ultim/Documents/GitHub/SIProjectDuck/Project Duck
C:/Users/ultim/Documents/GitHub/SIProjectDuck/Project Duck
Using Asset Import Pipeline V2.
Refreshing native plugins compatible for Editor in 41.88 ms, found 1 plugins.
Preloading 0 native plugins for Editor in 0.00 ms.
Initialize engine version: 2020.2.4f1 (becced5a802b)
[Subsystems] Discovering subsystems at path C:/Program Files/Unity/Hub/Editor/2020.2.4f1/Editor/Data/Resources/UnitySubsystems
[Subsystems] Discovering subsystems at path C:/Users/ultim/Documents/GitHub/SIProjectDuck/Project Duck/Assets
GfxDevice: creating device client; threaded=0
Direct3D:
    Version:  Direct3D 11.0 [level 11.1]
    Renderer: NVIDIA GeForce GTX 1070 (ID=0x1be1)
    Vendor:   
    VRAM:     8081 MB
    Driver:   27.21.14.5763
Initialize mono
Mono path[0] = 'C:/Program Files/Unity/Hub/Editor/2020.2.4f1/Editor/Data/Managed'
Mono path[1] = 'C:/Program Files/Unity/Hub/Editor/2020.2.4f1/Editor/Data/MonoBleedingEdge/lib/mono/unityjit'
Mono config path = 'C:/Program Files/Unity/Hub/Editor/2020.2.4f1/Editor/Data/MonoBleedingEdge/etc'
Using monoOptions --debugger-agent=transport=dt_socket,embedding=1,server=y,suspend=n,address=127.0.0.1:56620
Begin MonoManager ReloadAssembly
Registering precompiled unity dll's ...
Register platform support module: C:/Program Files/Unity/Hub/Editor/2020.2.4f1/Editor/Data/PlaybackEngines/WebGLSupport/UnityEditor.WebGL.Extensions.dll
Register platform support module: C:/Program Files/Unity/Hub/Editor/2020.2.4f1/Editor/Data/PlaybackEngines/MacStandaloneSupport/UnityEditor.OSXStandalone.Extensions.dll
Register platform support module: C:/Program Files/Unity/Hub/Editor/2020.2.4f1/Editor/Data/PlaybackEngines/WindowsStandaloneSupport/UnityEditor.WindowsStandalone.Extensions.dll
Register platform support module: C:/Program Files/Unity/Hub/Editor/2020.2.4f1/Editor/Data/PlaybackEngines/LinuxStandaloneSupport/UnityEditor.LinuxStandalone.Extensions.dll
Registered in 0.003319 seconds.
Native extension for LinuxStandalone target not found
Native extension for WindowsStandalone target not found
Native extension for OSXStandalone target not found
Native extension for WebGL target not found
Refreshing native plugins compatible for Editor in 38.33 ms, found 1 plugins.
Preloading 0 native plugins for Editor in 0.00 ms.
Invoked RoslynAnalysisRunner static constructor.
RoslynAnalysisRunner will not be running.
RoslynAnalysisRunner has terminated.
Mono: successfully reloaded assembly
- Completed reload, in  3.498 seconds
Platform modules already initialized, skipping
Registering precompiled user dll's ...
Registered in 0.001074 seconds.
Begin MonoManager ReloadAssembly
Native extension for LinuxStandalone target not found
Native extension for WindowsStandalone target not found
Native extension for OSXStandalone target not found
Native extension for WebGL target not found
Refreshing native plugins compatible for Editor in 39.83 ms, found 1 plugins.
Preloading 0 native plugins for Editor in 0.00 ms.
Invoked RoslynAnalysisRunner static constructor.
RoslynAnalysisRunner will not be running.
RoslynAnalysisRunner has terminated.
Mono: successfully reloaded assembly
- Completed reload, in  0.940 seconds
Platform modules already initialized, skipping
========================================================================
Worker process is ready to serve import requests
Launched and connected shader compiler UnityShaderCompiler.exe after 0.05 seconds
Refreshing native plugins compatible for Editor in 0.35 ms, found 1 plugins.
Preloading 0 native plugins for Editor in 0.00 ms.
Unloading 2124 Unused Serialized files (Serialized files now loaded: 0)
System memory in use before: 116.5 MB.
System memory in use after: 116.4 MB.

Unloading 26 unused Assets to reduce memory usage. Loaded Objects now: 2589.
Total: 2.321500 ms (FindLiveObjects: 0.179100 ms CreateObjectMapping: 0.100500 ms MarkObjects: 1.893000 ms  DeleteObjects: 0.147700 ms)

========================================================================
Received Import Request.
  path: Assets/PlayerControls.inputactions
  artifactKey: Guid(0a2ee736e07ed35459caa8b9be198538) Importer(815301076,1909f56bfc062723c751e8b465ee728b)
Start importing Assets/PlayerControls.inputactions using Guid(0a2ee736e07ed35459caa8b9be198538) Importer(815301076,1909f56bfc062723c751e8b465ee728b)  -> (artifact id: '5b5bcd04fa9dfb88adfecf8a0a6f1e62') in 0.049131 seconds
  Import took 0.052326 seconds .

========================================================================
Received Prepare
Refreshing native plugins compatible for Editor in 2.35 ms, found 1 plugins.
Preloading 0 native plugins for Editor in 0.00 ms.
Unloading 10 Unused Serialized files (Serialized files now loaded: 0)
System memory in use before: 74.0 MB.
System memory in use after: 74.0 MB.

Unloading 10 unused Assets to reduce memory usage. Loaded Objects now: 2589.
Total: 2.526400 ms (FindLiveObjects: 0.186500 ms CreateObjectMapping: 0.135200 ms MarkObjects: 2.088500 ms  DeleteObjects: 0.115100 ms)

========================================================================
Received Import Request.
  Time since last request: 13.287478 seconds.
  path: Assets/FinalScreen.cs
  artifactKey: Guid(fbd57ac6fa08ccb48a1c1699b7760690) Importer(815301076,1909f56bfc062723c751e8b465ee728b)
Start importing Assets/FinalScreen.cs using Guid(fbd57ac6fa08ccb48a1c1699b7760690) Importer(815301076,1909f56bfc062723c751e8b465ee728b)  -> (artifact id: '54d18de93fc38440f92dd6519db5767d') in 0.009657 seconds
  Import took 0.013649 seconds .

========================================================================
Received Import Request.
  Time since last request: 0.000476 seconds.
  path: Assets/FinalScreen.cs
  artifactKey: Guid(fbd57ac6fa08ccb48a1c1699b7760690) Importer(815301076,1909f56bfc062723c751e8b465ee728b)
Start importing Assets/FinalScreen.cs using Guid(fbd57ac6fa08ccb48a1c1699b7760690) Importer(815301076,1909f56bfc062723c751e8b465ee728b)  -> (artifact id: '54d18de93fc38440f92dd6519db5767d') in 0.002600 seconds
  Import took 0.006219 seconds .

========================================================================
Received Prepare
Registering precompiled user dll's ...
Registered in 0.001064 seconds.
Begin MonoManager ReloadAssembly
Native extension for LinuxStandalone target not found
Native extension for WindowsStandalone target not found
Native extension for OSXStandalone target not found
Native extension for WebGL target not found
Refreshing native plugins compatible for Editor in 0.37 ms, found 1 plugins.
Preloading 0 native plugins for Editor in 0.00 ms.
Invoked RoslynAnalysisRunner static constructor.
RoslynAnalysisRunner will not be running.
RoslynAnalysisRunner has terminated.
Mono: successfully reloaded assembly
- Completed reload, in  0.906 seconds
Platform modules already initialized, skipping
Refreshing native plugins compatible for Editor in 0.36 ms, found 1 plugins.
Preloading 0 native plugins for Editor in 0.00 ms.
Unloading 2106 Unused Serialized files (Serialized files now loaded: 0)
System memory in use before: 115.6 MB.
System memory in use after: 115.6 MB.

Unloading 12 unused Assets to reduce memory usage. Loaded Objects now: 2592.
Total: 2.105800 ms (FindLiveObjects: 0.203800 ms CreateObjectMapping: 0.068300 ms MarkObjects: 1.723900 ms  DeleteObjects: 0.108900 ms)

AssetImportWorkerClient::OnTransportError - code=2 error=End of file
